\BOOKMARK [1][-]{section.1}{\376\377\000l\000i\000b\000k\000d\000t\000r\000e\000e\000\040\000-\000\040\000A\000\040\000C\0009\0009\000\040\000i\000m\000p\000l\000e\000m\000e\000n\000t\000a\000t\000i\000o\000n\000\040\000o\000f\000\040\000t\000h\000e\000\040\000k\000d\000-\000t\000r\000e\000e\000\040\000a\000l\000g\000o\000r\000i\000t\000h\000m}{}
\BOOKMARK [2][-]{subsection.1.1}{\376\377\000I\000n\000t\000r\000o\000d\000u\000c\000t\000i\000o\000n}{section.1}
\BOOKMARK [1][-]{section.2}{\376\377\000D\000a\000t\000a\000\040\000S\000t\000r\000u\000c\000t\000u\000r\000e\000\040\000I\000n\000d\000e\000x}{}
\BOOKMARK [2][-]{subsection.2.1}{\376\377\000D\000a\000t\000a\000\040\000S\000t\000r\000u\000c\000t\000u\000r\000e\000s}{section.2}
\BOOKMARK [1][-]{section.3}{\376\377\000F\000i\000l\000e\000\040\000I\000n\000d\000e\000x}{}
\BOOKMARK [2][-]{subsection.3.1}{\376\377\000F\000i\000l\000e\000\040\000L\000i\000s\000t}{section.3}
\BOOKMARK [1][-]{section.4}{\376\377\000D\000a\000t\000a\000\040\000S\000t\000r\000u\000c\000t\000u\000r\000e\000\040\000D\000o\000c\000u\000m\000e\000n\000t\000a\000t\000i\000o\000n}{}
\BOOKMARK [2][-]{subsection.4.1}{\376\377\000k\000d\000\137\000t\000h\000r\000e\000a\000d\000\137\000d\000a\000t\000a\000\040\000S\000t\000r\000u\000c\000t\000\040\000R\000e\000f\000e\000r\000e\000n\000c\000e}{section.4}
\BOOKMARK [3][-]{subsubsection.4.1.1}{\376\377\000D\000e\000t\000a\000i\000l\000e\000d\000\040\000D\000e\000s\000c\000r\000i\000p\000t\000i\000o\000n}{subsection.4.1}
\BOOKMARK [2][-]{subsection.4.2}{\376\377\000k\000d\000N\000o\000d\000e\000\040\000S\000t\000r\000u\000c\000t\000\040\000R\000e\000f\000e\000r\000e\000n\000c\000e}{section.4}
\BOOKMARK [3][-]{subsubsection.4.2.1}{\376\377\000D\000e\000t\000a\000i\000l\000e\000d\000\040\000D\000e\000s\000c\000r\000i\000p\000t\000i\000o\000n}{subsection.4.2}
\BOOKMARK [3][-]{subsubsection.4.2.2}{\376\377\000F\000i\000e\000l\000d\000\040\000D\000o\000c\000u\000m\000e\000n\000t\000a\000t\000i\000o\000n}{subsection.4.2}
\BOOKMARK [2][-]{subsection.4.3}{\376\377\000p\000q\000u\000e\000u\000e\000\040\000S\000t\000r\000u\000c\000t\000\040\000R\000e\000f\000e\000r\000e\000n\000c\000e}{section.4}
\BOOKMARK [3][-]{subsubsection.4.3.1}{\376\377\000D\000e\000t\000a\000i\000l\000e\000d\000\040\000D\000e\000s\000c\000r\000i\000p\000t\000i\000o\000n}{subsection.4.3}
\BOOKMARK [3][-]{subsubsection.4.3.2}{\376\377\000F\000i\000e\000l\000d\000\040\000D\000o\000c\000u\000m\000e\000n\000t\000a\000t\000i\000o\000n}{subsection.4.3}
\BOOKMARK [2][-]{subsection.4.4}{\376\377\000r\000e\000s\000I\000t\000e\000m\000\040\000S\000t\000r\000u\000c\000t\000\040\000R\000e\000f\000e\000r\000e\000n\000c\000e}{section.4}
\BOOKMARK [3][-]{subsubsection.4.4.1}{\376\377\000D\000e\000t\000a\000i\000l\000e\000d\000\040\000D\000e\000s\000c\000r\000i\000p\000t\000i\000o\000n}{subsection.4.4}
\BOOKMARK [3][-]{subsubsection.4.4.2}{\376\377\000F\000i\000e\000l\000d\000\040\000D\000o\000c\000u\000m\000e\000n\000t\000a\000t\000i\000o\000n}{subsection.4.4}
\BOOKMARK [1][-]{section.5}{\376\377\000F\000i\000l\000e\000\040\000D\000o\000c\000u\000m\000e\000n\000t\000a\000t\000i\000o\000n}{}
\BOOKMARK [2][-]{subsection.5.1}{\376\377\000l\000i\000b\000/\000k\000d\000t\000r\000e\000e\000.\000h\000\040\000F\000i\000l\000e\000\040\000R\000e\000f\000e\000r\000e\000n\000c\000e}{section.5}
\BOOKMARK [3][-]{subsubsection.5.1.1}{\376\377\000D\000e\000t\000a\000i\000l\000e\000d\000\040\000D\000e\000s\000c\000r\000i\000p\000t\000i\000o\000n}{subsection.5.1}
\BOOKMARK [3][-]{subsubsection.5.1.2}{\376\377\000F\000u\000n\000c\000t\000i\000o\000n\000\040\000D\000o\000c\000u\000m\000e\000n\000t\000a\000t\000i\000o\000n}{subsection.5.1}
\BOOKMARK [2][-]{subsection.5.2}{\376\377\000l\000i\000b\000/\000k\000d\000t\000r\000e\000e\000\137\000c\000a\000r\000t\000e\000s\000i\000a\000n\000.\000c\000\040\000F\000i\000l\000e\000\040\000R\000e\000f\000e\000r\000e\000n\000c\000e}{section.5}
\BOOKMARK [3][-]{subsubsection.5.2.1}{\376\377\000D\000e\000t\000a\000i\000l\000e\000d\000\040\000D\000e\000s\000c\000r\000i\000p\000t\000i\000o\000n}{subsection.5.2}
\BOOKMARK [3][-]{subsubsection.5.2.2}{\376\377\000F\000u\000n\000c\000t\000i\000o\000n\000\040\000D\000o\000c\000u\000m\000e\000n\000t\000a\000t\000i\000o\000n}{subsection.5.2}
\BOOKMARK [2][-]{subsection.5.3}{\376\377\000l\000i\000b\000/\000k\000d\000t\000r\000e\000e\000\137\000c\000o\000m\000m\000o\000n\000.\000c\000\040\000F\000i\000l\000e\000\040\000R\000e\000f\000e\000r\000e\000n\000c\000e}{section.5}
\BOOKMARK [3][-]{subsubsection.5.3.1}{\376\377\000D\000e\000t\000a\000i\000l\000e\000d\000\040\000D\000e\000s\000c\000r\000i\000p\000t\000i\000o\000n}{subsection.5.3}
\BOOKMARK [3][-]{subsubsection.5.3.2}{\376\377\000F\000u\000n\000c\000t\000i\000o\000n\000\040\000D\000o\000c\000u\000m\000e\000n\000t\000a\000t\000i\000o\000n}{subsection.5.3}
\BOOKMARK [2][-]{subsection.5.4}{\376\377\000l\000i\000b\000/\000k\000d\000t\000r\000e\000e\000\137\000s\000p\000h\000e\000r\000i\000c\000a\000l\000.\000c\000\040\000F\000i\000l\000e\000\040\000R\000e\000f\000e\000r\000e\000n\000c\000e}{section.5}
\BOOKMARK [3][-]{subsubsection.5.4.1}{\376\377\000D\000e\000t\000a\000i\000l\000e\000d\000\040\000D\000e\000s\000c\000r\000i\000p\000t\000i\000o\000n}{subsection.5.4}
\BOOKMARK [3][-]{subsubsection.5.4.2}{\376\377\000F\000u\000n\000c\000t\000i\000o\000n\000\040\000D\000o\000c\000u\000m\000e\000n\000t\000a\000t\000i\000o\000n}{subsection.5.4}
\BOOKMARK [2][-]{subsection.5.5}{\376\377\000l\000i\000b\000/\000p\000q\000u\000e\000u\000e\000.\000c\000\040\000F\000i\000l\000e\000\040\000R\000e\000f\000e\000r\000e\000n\000c\000e}{section.5}
\BOOKMARK [3][-]{subsubsection.5.5.1}{\376\377\000D\000e\000t\000a\000i\000l\000e\000d\000\040\000D\000e\000s\000c\000r\000i\000p\000t\000i\000o\000n}{subsection.5.5}
\BOOKMARK [3][-]{subsubsection.5.5.2}{\376\377\000F\000u\000n\000c\000t\000i\000o\000n\000\040\000D\000o\000c\000u\000m\000e\000n\000t\000a\000t\000i\000o\000n}{subsection.5.5}
\BOOKMARK [2][-]{subsection.5.6}{\376\377\000t\000e\000s\000t\000s\000/\000t\000e\000s\000t\000\137\000c\000a\000r\000t\000e\000s\000i\000a\000n\000\137\000n\000n\000.\000c\000\040\000F\000i\000l\000e\000\040\000R\000e\000f\000e\000r\000e\000n\000c\000e}{section.5}
\BOOKMARK [3][-]{subsubsection.5.6.1}{\376\377\000D\000e\000t\000a\000i\000l\000e\000d\000\040\000D\000e\000s\000c\000r\000i\000p\000t\000i\000o\000n}{subsection.5.6}
\BOOKMARK [2][-]{subsection.5.7}{\376\377\000t\000e\000s\000t\000s\000/\000t\000e\000s\000t\000\137\000s\000p\000h\000e\000r\000i\000c\000a\000l\000\137\000n\000n\000.\000c\000\040\000F\000i\000l\000e\000\040\000R\000e\000f\000e\000r\000e\000n\000c\000e}{section.5}
\BOOKMARK [3][-]{subsubsection.5.7.1}{\376\377\000D\000e\000t\000a\000i\000l\000e\000d\000\040\000D\000e\000s\000c\000r\000i\000p\000t\000i\000o\000n}{subsection.5.7}
